{"C:\\Users\\KIIT\\Desktop\\Keploy Task2\\skilltree-api\\server.js": {"path":"C:\\Users\\KIIT\\Desktop\\Keploy Task2\\skilltree-api\\server.js","statementMap":{"0":{"start":{"line":1,"column":16},"end":{"line":1,"column":34}},"1":{"start":{"line":2,"column":17},"end":{"line":2,"column":36}},"2":{"start":{"line":3,"column":13},"end":{"line":3,"column":28}},"3":{"start":{"line":4,"column":13},"end":{"line":4,"column":28}},"4":{"start":{"line":5,"column":0},"end":{"line":5,"column":27}},"5":{"start":{"line":7,"column":12},"end":{"line":7,"column":21}},"6":{"start":{"line":8,"column":0},"end":{"line":8,"column":16}},"7":{"start":{"line":9,"column":0},"end":{"line":9,"column":24}},"8":{"start":{"line":11,"column":20},"end":{"line":11,"column":51}},"9":{"start":{"line":12,"column":0},"end":{"line":12,"column":36}},"10":{"start":{"line":14,"column":0},"end":{"line":14,"column":56}},"11":{"start":{"line":15,"column":0},"end":{"line":17,"column":3}},"12":{"start":{"line":16,"column":2},"end":{"line":16,"column":58}},"13":{"start":{"line":20,"column":0},"end":{"line":31,"column":1}},"14":{"start":{"line":21,"column":2},"end":{"line":30,"column":68}},"15":{"start":{"line":26,"column":4},"end":{"line":28,"column":6}},"16":{"start":{"line":27,"column":6},"end":{"line":27,"column":43}},"17":{"start":{"line":30,"column":16},"end":{"line":30,"column":66}},"18":{"start":{"line":33,"column":0},"end":{"line":33,"column":21}}},"fnMap":{"0":{"name":"(anonymous_0)","decl":{"start":{"line":15,"column":13},"end":{"line":15,"column":14}},"loc":{"start":{"line":15,"column":27},"end":{"line":17,"column":1}},"line":15},"1":{"name":"(anonymous_1)","decl":{"start":{"line":25,"column":8},"end":{"line":25,"column":9}},"loc":{"start":{"line":25,"column":14},"end":{"line":29,"column":3}},"line":25},"2":{"name":"(anonymous_2)","decl":{"start":{"line":26,"column":41},"end":{"line":26,"column":42}},"loc":{"start":{"line":27,"column":6},"end":{"line":27,"column":43}},"line":27},"3":{"name":"(anonymous_3)","decl":{"start":{"line":30,"column":9},"end":{"line":30,"column":10}},"loc":{"start":{"line":30,"column":16},"end":{"line":30,"column":66}},"line":30}},"branchMap":{"0":{"loc":{"start":{"line":20,"column":0},"end":{"line":31,"column":1}},"type":"if","locations":[{"start":{"line":20,"column":0},"end":{"line":31,"column":1}},{"start":{},"end":{}}],"line":20},"1":{"loc":{"start":{"line":26,"column":15},"end":{"line":26,"column":39}},"type":"binary-expr","locations":[{"start":{"line":26,"column":15},"end":{"line":26,"column":31}},{"start":{"line":26,"column":35},"end":{"line":26,"column":39}}],"line":26}},"s":{"0":3,"1":3,"2":3,"3":3,"4":3,"5":3,"6":3,"7":3,"8":3,"9":3,"10":3,"11":3,"12":0,"13":3,"14":0,"15":0,"16":0,"17":0,"18":3},"f":{"0":0,"1":0,"2":0,"3":0},"b":{"0":[0,3],"1":[0,0]},"_coverageSchema":"1a1c01bbd47fc00a2c39e90264f33305004495a9","hash":"7f53bcd819eb96d5603cc7edbc2c2a92697f555b"}
,"C:\\Users\\KIIT\\Desktop\\Keploy Task2\\skilltree-api\\models\\Skill.js": {"path":"C:\\Users\\KIIT\\Desktop\\Keploy Task2\\skilltree-api\\models\\Skill.js","statementMap":{"0":{"start":{"line":1,"column":17},"end":{"line":1,"column":36}},"1":{"start":{"line":3,"column":20},"end":{"line":12,"column":2}},"2":{"start":{"line":14,"column":0},"end":{"line":14,"column":54}}},"fnMap":{},"branchMap":{},"s":{"0":3,"1":3,"2":3},"f":{},"b":{},"_coverageSchema":"1a1c01bbd47fc00a2c39e90264f33305004495a9","hash":"df695643bc7ea4f92413d7f77b36fb0e1183b997"}
,"C:\\Users\\KIIT\\Desktop\\Keploy Task2\\skilltree-api\\routes\\skillRoutes.js": {"path":"C:\\Users\\KIIT\\Desktop\\Keploy Task2\\skilltree-api\\routes\\skillRoutes.js","statementMap":{"0":{"start":{"line":1,"column":16},"end":{"line":1,"column":34}},"1":{"start":{"line":2,"column":15},"end":{"line":2,"column":31}},"2":{"start":{"line":3,"column":14},"end":{"line":3,"column":40}},"3":{"start":{"line":6,"column":0},"end":{"line":9,"column":3}},"4":{"start":{"line":7,"column":17},"end":{"line":7,"column":65}},"5":{"start":{"line":8,"column":2},"end":{"line":8,"column":19}},"6":{"start":{"line":12,"column":0},"end":{"line":17,"column":3}},"7":{"start":{"line":13,"column":58},"end":{"line":13,"column":66}},"8":{"start":{"line":14,"column":19},"end":{"line":14,"column":77}},"9":{"start":{"line":15,"column":2},"end":{"line":15,"column":24}},"10":{"start":{"line":16,"column":2},"end":{"line":16,"column":33}},"11":{"start":{"line":20,"column":0},"end":{"line":23,"column":3}},"12":{"start":{"line":21,"column":23},"end":{"line":21,"column":92}},"13":{"start":{"line":22,"column":2},"end":{"line":22,"column":25}},"14":{"start":{"line":26,"column":0},"end":{"line":29,"column":3}},"15":{"start":{"line":27,"column":2},"end":{"line":27,"column":47}},"16":{"start":{"line":28,"column":2},"end":{"line":28,"column":41}},"17":{"start":{"line":31,"column":0},"end":{"line":31,"column":24}},"18":{"start":{"line":33,"column":0},"end":{"line":42,"column":3}},"19":{"start":{"line":34,"column":2},"end":{"line":41,"column":3}},"20":{"start":{"line":35,"column":28},"end":{"line":35,"column":36}},"21":{"start":{"line":36,"column":4},"end":{"line":36,"column":74}},"22":{"start":{"line":36,"column":15},"end":{"line":36,"column":74}},"23":{"start":{"line":37,"column":18},"end":{"line":37,"column":46}},"24":{"start":{"line":38,"column":4},"end":{"line":38,"column":32}},"25":{"start":{"line":40,"column":4},"end":{"line":40,"column":61}}},"fnMap":{"0":{"name":"(anonymous_0)","decl":{"start":{"line":6,"column":16},"end":{"line":6,"column":17}},"loc":{"start":{"line":6,"column":36},"end":{"line":9,"column":1}},"line":6},"1":{"name":"(anonymous_1)","decl":{"start":{"line":12,"column":17},"end":{"line":12,"column":18}},"loc":{"start":{"line":12,"column":37},"end":{"line":17,"column":1}},"line":12},"2":{"name":"(anonymous_2)","decl":{"start":{"line":20,"column":19},"end":{"line":20,"column":20}},"loc":{"start":{"line":20,"column":39},"end":{"line":23,"column":1}},"line":20},"3":{"name":"(anonymous_3)","decl":{"start":{"line":26,"column":22},"end":{"line":26,"column":23}},"loc":{"start":{"line":26,"column":42},"end":{"line":29,"column":1}},"line":26},"4":{"name":"(anonymous_4)","decl":{"start":{"line":33,"column":17},"end":{"line":33,"column":18}},"loc":{"start":{"line":33,"column":37},"end":{"line":42,"column":1}},"line":33}},"branchMap":{"0":{"loc":{"start":{"line":36,"column":4},"end":{"line":36,"column":74}},"type":"if","locations":[{"start":{"line":36,"column":4},"end":{"line":36,"column":74}},{"start":{},"end":{}}],"line":36}},"s":{"0":3,"1":3,"2":3,"3":3,"4":1,"5":0,"6":3,"7":0,"8":0,"9":0,"10":0,"11":3,"12":0,"13":0,"14":3,"15":0,"16":0,"17":3,"18":3,"19":0,"20":0,"21":0,"22":0,"23":0,"24":0,"25":0},"f":{"0":1,"1":0,"2":0,"3":0,"4":0},"b":{"0":[0,0]},"_coverageSchema":"1a1c01bbd47fc00a2c39e90264f33305004495a9","hash":"ca4a9684a2daa3228b6fb3f92110fdbaa19e7707"}
,"C:\\Users\\KIIT\\Desktop\\Keploy Task2\\skilltree-api\\utils\\skillLevel.js": {"path":"C:\\Users\\KIIT\\Desktop\\Keploy Task2\\skilltree-api\\utils\\skillLevel.js","statementMap":{"0":{"start":{"line":2,"column":2},"end":{"line":2,"column":39}},"1":{"start":{"line":2,"column":21},"end":{"line":2,"column":39}},"2":{"start":{"line":3,"column":2},"end":{"line":3,"column":42}},"3":{"start":{"line":3,"column":20},"end":{"line":3,"column":42}},"4":{"start":{"line":4,"column":2},"end":{"line":4,"column":20}},"5":{"start":{"line":6,"column":0},"end":{"line":6,"column":35}}},"fnMap":{"0":{"name":"getSkillLevel","decl":{"start":{"line":1,"column":9},"end":{"line":1,"column":22}},"loc":{"start":{"line":1,"column":31},"end":{"line":5,"column":1}},"line":1}},"branchMap":{"0":{"loc":{"start":{"line":2,"column":2},"end":{"line":2,"column":39}},"type":"if","locations":[{"start":{"line":2,"column":2},"end":{"line":2,"column":39}},{"start":{},"end":{}}],"line":2},"1":{"loc":{"start":{"line":3,"column":2},"end":{"line":3,"column":42}},"type":"if","locations":[{"start":{"line":3,"column":2},"end":{"line":3,"column":42}},{"start":{},"end":{}}],"line":3}},"s":{"0":3,"1":1,"2":2,"3":1,"4":1,"5":1},"f":{"0":3},"b":{"0":[1,2],"1":[1,1]},"_coverageSchema":"1a1c01bbd47fc00a2c39e90264f33305004495a9","hash":"aea7af315ecd7b5343b867c160b9fd03bec5650e"}
}
